# JRE version: OpenJDK Runtime Environment (Zulu 8.52.0.23-CA-macos-aarch64) (8.0_282-b08) (build 1.8.0_282-b08)
# Java VM: OpenJDK 64-Bit Server VM (25.282-b08 mixed mode bsd-aarch64 compressed oops)
Heap:
 PSYoungGen      total 142848K, used 90449K [0x00000007b5580000, 0x00000007bfe80000, 0x00000007c0000000)
  eden space 111616K, 71% used [0x00000007b5580000,0x00000007ba3c69f0,0x00000007bc280000)
  from space 31232K, 32% used [0x00000007bc280000,0x00000007bcc8dd20,0x00000007be100000)
  to   space 30208K, 0% used [0x00000007be100000,0x00000007be100000,0x00000007bfe80000)
 ParOldGen       total 252416K, used 48166K [0x00000007a0000000, 0x00000007af680000, 0x00000007b5580000)
  object space 252416K, 19% used [0x00000007a0000000,0x00000007a2f09898,0x00000007af680000)
 Metaspace       used 75458K, capacity 77156K, committed 77488K, reserved 1116160K
  class space    used 9748K, capacity 10082K, committed 10160K, reserved 1048576K
GC Heap History (10 events):
Event: 3.346 GC heap before
{Heap before GC invocations=14 (full 2):
 PSYoungGen      total 146944K, used 35284K [0x00000007b5580000, 0x00000007c0000000, 0x00000007c0000000)
  eden space 119296K, 6% used [0x00000007b5580000,0x00000007b5cfb3f0,0x00000007bca00000)
  from space 27648K, 99% used [0x00000007bca00000,0x00000007be4f9fb8,0x00000007be500000)
  to   space 27648K, 0% used [0x00000007be500000,0x00000007be500000,0x00000007c0000000)
 ParOldGen       total 186880K, used 30583K [0x00000007a0000000, 0x00000007ab680000, 0x00000007b5580000)
  object space 186880K, 16% used [0x00000007a0000000,0x00000007a1dddd78,0x00000007ab680000)
 Metaspace       used 57519K, capacity 58950K, committed 59184K, reserved 1101824K
  class space    used 7201K, capacity 7459K, committed 7472K, reserved 1048576K
Event: 3.358 GC heap after
Heap after GC invocations=14 (full 2):
 PSYoungGen      total 138752K, used 19553K [0x00000007b5580000, 0x00000007c0000000, 0x00000007c0000000)
  eden space 111104K, 0% used [0x00000007b5580000,0x00000007b5580000,0x00000007bc200000)
  from space 27648K, 70% used [0x00000007be500000,0x00000007bf818428,0x00000007c0000000)
  to   space 31744K, 0% used [0x00000007bc200000,0x00000007bc200000,0x00000007be100000)
 ParOldGen       total 186880K, used 36691K [0x00000007a0000000, 0x00000007ab680000, 0x00000007b5580000)
  object space 186880K, 19% used [0x00000007a0000000,0x00000007a23d4de8,0x00000007ab680000)
 Metaspace       used 57519K, capacity 58950K, committed 59184K, reserved 1101824K
  class space    used 7201K, capacity 7459K, committed 7472K, reserved 1048576K
}
Event: 3.358 GC heap before
{Heap before GC invocations=15 (full 3):
 PSYoungGen      total 138752K, used 19553K [0x00000007b5580000, 0x00000007c0000000, 0x00000007c0000000)
  eden space 111104K, 0% used [0x00000007b5580000,0x00000007b5580000,0x00000007bc200000)
  from space 27648K, 70% used [0x00000007be500000,0x00000007bf818428,0x00000007c0000000)
  to   space 31744K, 0% used [0x00000007bc200000,0x00000007bc200000,0x00000007be100000)
 ParOldGen       total 186880K, used 36691K [0x00000007a0000000, 0x00000007ab680000, 0x00000007b5580000)
  object space 186880K, 19% used [0x00000007a0000000,0x00000007a23d4de8,0x00000007ab680000)
 Metaspace       used 57519K, capacity 58950K, committed 59184K, reserved 1101824K
  class space    used 7201K, capacity 7459K, committed 7472K, reserved 1048576K
Event: 3.492 GC heap after
Heap after GC invocations=15 (full 3):
 PSYoungGen      total 138752K, used 0K [0x00000007b5580000, 0x00000007c0000000, 0x00000007c0000000)
  eden space 111104K, 0% used [0x00000007b5580000,0x00000007b5580000,0x00000007bc200000)
  from space 27648K, 0% used [0x00000007be500000,0x00000007be500000,0x00000007c0000000)
  to   space 31744K, 0% used [0x00000007bc200000,0x00000007bc200000,0x00000007be100000)
 ParOldGen       total 252416K, used 48142K [0x00000007a0000000, 0x00000007af680000, 0x00000007b5580000)
  object space 252416K, 19% used [0x00000007a0000000,0x00000007a2f03898,0x00000007af680000)
 Metaspace       used 57519K, capacity 58950K, committed 59184K, reserved 1101824K
  class space    used 7201K, capacity 7459K, committed 7472K, reserved 1048576K
}
Event: 3.777 GC heap before
{Heap before GC invocations=16 (full 3):
 PSYoungGen      total 138752K, used 111104K [0x00000007b5580000, 0x00000007c0000000, 0x00000007c0000000)
  eden space 111104K, 100% used [0x00000007b5580000,0x00000007bc200000,0x00000007bc200000)
  from space 27648K, 0% used [0x00000007be500000,0x00000007be500000,0x00000007c0000000)
  to   space 31744K, 0% used [0x00000007bc200000,0x00000007bc200000,0x00000007be100000)
 ParOldGen       total 252416K, used 48142K [0x00000007a0000000, 0x00000007af680000, 0x00000007b5580000)
  object space 252416K, 19% used [0x00000007a0000000,0x00000007a2f03898,0x00000007af680000)
 Metaspace       used 62967K, capacity 64502K, committed 64688K, reserved 1105920K
  class space    used 7814K, capacity 8103K, committed 8112K, reserved 1048576K
Event: 3.790 GC heap after
Heap after GC invocations=16 (full 3):
 PSYoungGen      total 142848K, used 8212K [0x00000007b5580000, 0x00000007c0000000, 0x00000007c0000000)
  eden space 111104K, 0% used [0x00000007b5580000,0x00000007b5580000,0x00000007bc200000)
  from space 31744K, 25% used [0x00000007bc200000,0x00000007bca05070,0x00000007be100000)
  to   space 31232K, 0% used [0x00000007be180000,0x00000007be180000,0x00000007c0000000)
 ParOldGen       total 252416K, used 48150K [0x00000007a0000000, 0x00000007af680000, 0x00000007b5580000)
  object space 252416K, 19% used [0x00000007a0000000,0x00000007a2f05898,0x00000007af680000)
 Metaspace       used 62967K, capacity 64502K, committed 64688K, reserved 1105920K
  class space    used 7814K, capacity 8103K, committed 8112K, reserved 1048576K
}
Event: 4.053 GC heap before
{Heap before GC invocations=17 (full 3):
 PSYoungGen      total 142848K, used 119316K [0x00000007b5580000, 0x00000007c0000000, 0x00000007c0000000)
  eden space 111104K, 100% used [0x00000007b5580000,0x00000007bc200000,0x00000007bc200000)
  from space 31744K, 25% used [0x00000007bc200000,0x00000007bca05070,0x00000007be100000)
  to   space 31232K, 0% used [0x00000007be180000,0x00000007be180000,0x00000007c0000000)
 ParOldGen       total 252416K, used 48150K [0x00000007a0000000, 0x00000007af680000, 0x00000007b5580000)
  object space 252416K, 19% used [0x00000007a0000000,0x00000007a2f05898,0x00000007af680000)
 Metaspace       used 67081K, capacity 68680K, committed 69040K, reserved 1110016K
  class space    used 8477K, capacity 8786K, committed 8880K, reserved 1048576K
Event: 4.056 GC heap after
Heap after GC invocations=17 (full 3):
 PSYoungGen      total 142336K, used 6892K [0x00000007b5580000, 0x00000007bff80000, 0x00000007c0000000)
  eden space 111616K, 0% used [0x00000007b5580000,0x00000007b5580000,0x00000007bc280000)
  from space 30720K, 22% used [0x00000007be180000,0x00000007be83b3b8,0x00000007bff80000)
  to   space 31232K, 0% used [0x00000007bc280000,0x00000007bc280000,0x00000007be100000)
 ParOldGen       total 252416K, used 48158K [0x00000007a0000000, 0x00000007af680000, 0x00000007b5580000)
  object space 252416K, 19% used [0x00000007a0000000,0x00000007a2f07898,0x00000007af680000)
 Metaspace       used 67081K, capacity 68680K, committed 69040K, reserved 1110016K
  class space    used 8477K, capacity 8786K, committed 8880K, reserved 1048576K
}
Event: 4.358 GC heap before
{Heap before GC invocations=18 (full 3):
 PSYoungGen      total 142336K, used 118508K [0x00000007b5580000, 0x00000007bff80000, 0x00000007c0000000)
  eden space 111616K, 100% used [0x00000007b5580000,0x00000007bc280000,0x00000007bc280000)
  from space 30720K, 22% used [0x00000007be180000,0x00000007be83b3b8,0x00000007bff80000)
  to   space 31232K, 0% used [0x00000007bc280000,0x00000007bc280000,0x00000007be100000)
 ParOldGen       total 252416K, used 48158K [0x00000007a0000000, 0x00000007af680000, 0x00000007b5580000)
  object space 252416K, 19% used [0x00000007a0000000,0x00000007a2f07898,0x00000007af680000)
 Metaspace       used 70864K, capacity 72536K, committed 72752K, reserved 1112064K
  class space    used 9091K, capacity 9440K, committed 9520K, reserved 1048576K
Event: 4.362 GC heap after
Heap after GC invocations=18 (full 3):
 PSYoungGen      total 142848K, used 10295K [0x00000007b5580000, 0x00000007bfe80000, 0x00000007c0000000)
  eden space 111616K, 0% used [0x00000007b5580000,0x00000007b5580000,0x00000007bc280000)
  from space 31232K, 32% used [0x00000007bc280000,0x00000007bcc8dd20,0x00000007be100000)
  to   space 30208K, 0% used [0x00000007be100000,0x00000007be100000,0x00000007bfe80000)
 ParOldGen       total 252416K, used 48166K [0x00000007a0000000, 0x00000007af680000, 0x00000007b5580000)
  object space 252416K, 19% used [0x00000007a0000000,0x00000007a2f09898,0x00000007af680000)
 Metaspace       used 70864K, capacity 72536K, committed 72752K, reserved 1112064K
  class space    used 9091K, capacity 9440K, committed 9520K, reserved 1048576K
}

