# JRE version: OpenJDK Runtime Environment (Zulu 8.52.0.23-CA-macos-aarch64) (8.0_282-b08) (build 1.8.0_282-b08)
# Java VM: OpenJDK 64-Bit Server VM (25.282-b08 mixed mode bsd-aarch64 compressed oops)
Heap:
 PSYoungGen      total 151552K, used 63206K [0x00000007b5580000, 0x00000007bfe00000, 0x00000007c0000000)
  eden space 129536K, 40% used [0x00000007b5580000,0x00000007b882e428,0x00000007bd400000)
  from space 22016K, 51% used [0x00000007bd400000,0x00000007bdf0b788,0x00000007be980000)
  to   space 20992K, 0% used [0x00000007be980000,0x00000007be980000,0x00000007bfe00000)
 ParOldGen       total 206848K, used 43866K [0x00000007a0000000, 0x00000007aca00000, 0x00000007b5580000)
  object space 206848K, 21% used [0x00000007a0000000,0x00000007a2ad6bc8,0x00000007aca00000)
 Metaspace       used 72636K, capacity 74560K, committed 74848K, reserved 1114112K
  class space    used 9418K, capacity 9786K, committed 9824K, reserved 1048576K
GC Heap History (10 events):
Event: 4.524 GC heap before
{Heap before GC invocations=18 (full 3):
 PSYoungGen      total 150528K, used 131589K [0x00000007b5580000, 0x00000007c0000000, 0x00000007c0000000)
  eden space 127488K, 100% used [0x00000007b5580000,0x00000007bd200000,0x00000007bd200000)
  from space 23040K, 17% used [0x00000007be980000,0x00000007bed81508,0x00000007c0000000)
  to   space 23552K, 0% used [0x00000007bd200000,0x00000007bd200000,0x00000007be900000)
 ParOldGen       total 206848K, used 43826K [0x00000007a0000000, 0x00000007aca00000, 0x00000007b5580000)
  object space 206848K, 21% used [0x00000007a0000000,0x00000007a2accbc8,0x00000007aca00000)
 Metaspace       used 66840K, capacity 68470K, committed 68704K, reserved 1110016K
  class space    used 8618K, capacity 8935K, committed 9056K, reserved 1048576K
Event: 4.527 GC heap after
Heap after GC invocations=18 (full 3):
 PSYoungGen      total 136192K, used 8636K [0x00000007b5580000, 0x00000007bfe80000, 0x00000007c0000000)
  eden space 127488K, 0% used [0x00000007b5580000,0x00000007b5580000,0x00000007bd200000)
  from space 8704K, 99% used [0x00000007bd200000,0x00000007bda6f380,0x00000007bda80000)
  to   space 22528K, 0% used [0x00000007be880000,0x00000007be880000,0x00000007bfe80000)
 ParOldGen       total 206848K, used 43834K [0x00000007a0000000, 0x00000007aca00000, 0x00000007b5580000)
  object space 206848K, 21% used [0x00000007a0000000,0x00000007a2acebc8,0x00000007aca00000)
 Metaspace       used 66840K, capacity 68470K, committed 68704K, reserved 1110016K
  class space    used 8618K, capacity 8935K, committed 9056K, reserved 1048576K
}
Event: 4.644 GC heap before
{Heap before GC invocations=19 (full 3):
 PSYoungGen      total 136192K, used 136124K [0x00000007b5580000, 0x00000007bfe80000, 0x00000007c0000000)
  eden space 127488K, 100% used [0x00000007b5580000,0x00000007bd200000,0x00000007bd200000)
  from space 8704K, 99% used [0x00000007bd200000,0x00000007bda6f380,0x00000007bda80000)
  to   space 22528K, 0% used [0x00000007be880000,0x00000007be880000,0x00000007bfe80000)
 ParOldGen       total 206848K, used 43834K [0x00000007a0000000, 0x00000007aca00000, 0x00000007b5580000)
  object space 206848K, 21% used [0x00000007a0000000,0x00000007a2acebc8,0x00000007aca00000)
 Metaspace       used 67295K, capacity 68988K, committed 69216K, reserved 1110016K
  class space    used 8677K, capacity 9000K, committed 9056K, reserved 1048576K
Event: 4.646 GC heap after
Heap after GC invocations=19 (full 3):
 PSYoungGen      total 150528K, used 5234K [0x00000007b5580000, 0x00000007c0000000, 0x00000007c0000000)
  eden space 128000K, 0% used [0x00000007b5580000,0x00000007b5580000,0x00000007bd280000)
  from space 22528K, 23% used [0x00000007be880000,0x00000007bed9cb98,0x00000007bfe80000)
  to   space 22528K, 0% used [0x00000007bd280000,0x00000007bd280000,0x00000007be880000)
 ParOldGen       total 206848K, used 43842K [0x00000007a0000000, 0x00000007aca00000, 0x00000007b5580000)
  object space 206848K, 21% used [0x00000007a0000000,0x00000007a2ad0bc8,0x00000007aca00000)
 Metaspace       used 67295K, capacity 68988K, committed 69216K, reserved 1110016K
  class space    used 8677K, capacity 9000K, committed 9056K, reserved 1048576K
}
Event: 4.762 GC heap before
{Heap before GC invocations=20 (full 3):
 PSYoungGen      total 150528K, used 133234K [0x00000007b5580000, 0x00000007c0000000, 0x00000007c0000000)
  eden space 128000K, 100% used [0x00000007b5580000,0x00000007bd280000,0x00000007bd280000)
  from space 22528K, 23% used [0x00000007be880000,0x00000007bed9cb98,0x00000007bfe80000)
  to   space 22528K, 0% used [0x00000007bd280000,0x00000007bd280000,0x00000007be880000)
 ParOldGen       total 206848K, used 43842K [0x00000007a0000000, 0x00000007aca00000, 0x00000007b5580000)
  object space 206848K, 21% used [0x00000007a0000000,0x00000007a2ad0bc8,0x00000007aca00000)
 Metaspace       used 67384K, capacity 69058K, committed 69216K, reserved 1110016K
  class space    used 8686K, capacity 9001K, committed 9056K, reserved 1048576K
Event: 4.765 GC heap after
Heap after GC invocations=20 (full 3):
 PSYoungGen      total 150528K, used 5312K [0x00000007b5580000, 0x00000007bff00000, 0x00000007c0000000)
  eden space 128000K, 0% used [0x00000007b5580000,0x00000007b5580000,0x00000007bd280000)
  from space 22528K, 23% used [0x00000007bd280000,0x00000007bd7b0090,0x00000007be880000)
  to   space 22016K, 0% used [0x00000007be980000,0x00000007be980000,0x00000007bff00000)
 ParOldGen       total 206848K, used 43850K [0x00000007a0000000, 0x00000007aca00000, 0x00000007b5580000)
  object space 206848K, 21% used [0x00000007a0000000,0x00000007a2ad2bc8,0x00000007aca00000)
 Metaspace       used 67384K, capacity 69058K, committed 69216K, reserved 1110016K
  class space    used 8686K, capacity 9001K, committed 9056K, reserved 1048576K
}
Event: 5.106 GC heap before
{Heap before GC invocations=21 (full 3):
 PSYoungGen      total 150528K, used 133312K [0x00000007b5580000, 0x00000007bff00000, 0x00000007c0000000)
  eden space 128000K, 100% used [0x00000007b5580000,0x00000007bd280000,0x00000007bd280000)
  from space 22528K, 23% used [0x00000007bd280000,0x00000007bd7b0090,0x00000007be880000)
  to   space 22016K, 0% used [0x00000007be980000,0x00000007be980000,0x00000007bff00000)
 ParOldGen       total 206848K, used 43850K [0x00000007a0000000, 0x00000007aca00000, 0x00000007b5580000)
  object space 206848K, 21% used [0x00000007a0000000,0x00000007a2ad2bc8,0x00000007aca00000)
 Metaspace       used 69020K, capacity 70826K, committed 71008K, reserved 1112064K
  class space    used 8889K, capacity 9249K, committed 9312K, reserved 1048576K
Event: 5.110 GC heap after
Heap after GC invocations=21 (full 3):
 PSYoungGen      total 151552K, used 12717K [0x00000007b5580000, 0x00000007bff80000, 0x00000007c0000000)
  eden space 129536K, 0% used [0x00000007b5580000,0x00000007b5580000,0x00000007bd400000)
  from space 22016K, 57% used [0x00000007be980000,0x00000007bf5eb778,0x00000007bff00000)
  to   space 22016K, 0% used [0x00000007bd400000,0x00000007bd400000,0x00000007be980000)
 ParOldGen       total 206848K, used 43858K [0x00000007a0000000, 0x00000007aca00000, 0x00000007b5580000)
  object space 206848K, 21% used [0x00000007a0000000,0x00000007a2ad4bc8,0x00000007aca00000)
 Metaspace       used 69020K, capacity 70826K, committed 71008K, reserved 1112064K
  class space    used 8889K, capacity 9249K, committed 9312K, reserved 1048576K
}
Event: 5.363 GC heap before
{Heap before GC invocations=22 (full 3):
 PSYoungGen      total 151552K, used 142253K [0x00000007b5580000, 0x00000007bff80000, 0x00000007c0000000)
  eden space 129536K, 100% used [0x00000007b5580000,0x00000007bd400000,0x00000007bd400000)
  from space 22016K, 57% used [0x00000007be980000,0x00000007bf5eb778,0x00000007bff00000)
  to   space 22016K, 0% used [0x00000007bd400000,0x00000007bd400000,0x00000007be980000)
 ParOldGen       total 206848K, used 43858K [0x00000007a0000000, 0x00000007aca00000, 0x00000007b5580000)
  object space 206848K, 21% used [0x00000007a0000000,0x00000007a2ad4bc8,0x00000007aca00000)
 Metaspace       used 69429K, capacity 71322K, committed 71520K, reserved 1112064K
  class space    used 8939K, capacity 9305K, committed 9312K, reserved 1048576K
Event: 5.367 GC heap after
Heap after GC invocations=22 (full 3):
 PSYoungGen      total 151552K, used 11309K [0x00000007b5580000, 0x00000007bfe00000, 0x00000007c0000000)
  eden space 129536K, 0% used [0x00000007b5580000,0x00000007b5580000,0x00000007bd400000)
  from space 22016K, 51% used [0x00000007bd400000,0x00000007bdf0b788,0x00000007be980000)
  to   space 20992K, 0% used [0x00000007be980000,0x00000007be980000,0x00000007bfe00000)
 ParOldGen       total 206848K, used 43866K [0x00000007a0000000, 0x00000007aca00000, 0x00000007b5580000)
  object space 206848K, 21% used [0x00000007a0000000,0x00000007a2ad6bc8,0x00000007aca00000)
 Metaspace       used 69429K, capacity 71322K, committed 71520K, reserved 1112064K
  class space    used 8939K, capacity 9305K, committed 9312K, reserved 1048576K
}

